<?xml version="1.0" encoding="UTF-8"?>
<!-- Generated by org.testng.reporters.JUnitReportReporter -->
<testsuite skipped="0" hostname="vt-marinellid" name="allTests.TestsOnPage" tests="4" failures="0" timestamp="2020-08-04T16:45:15 CEST" time="4.603" errors="0">
  <testcase name="dropDownTest" time="0.721" classname="allTests.TestsOnPage"/>
  <system-out/>
  <testcase name="forgotPasswordTest" time="1.586" classname="allTests.TestsOnPage"/>
  <system-out/>
  <testcase name="functionsCheckTests" time="1.602" classname="allTests.TestsOnPage"/>
  <system-out/>
  <testcase name="ContextMenuTest" time="0.694" classname="allTests.TestsOnPage"/>
  <system-out/>
</testsuite> <!-- allTests.TestsOnPage -->
